TN:
SF:/Users/michaelparis/Scaphold/code/stateslang-js/src/states/BaseState.ts
FN:4,(anonymous_0)
FN:5,BaseState
FN:8,(anonymous_2)
FNF:3
FNH:2
FNDA:4,(anonymous_0)
FNDA:13,BaseState
FNDA:0,(anonymous_2)
DA:1,4
DA:2,4
DA:3,4
DA:4,4
DA:6,13
DA:8,4
DA:9,0
DA:10,0
DA:12,4
DA:14,4
LF:10
LH:8
BRF:0
BRH:0
end_of_record
TN:
SF:/Users/michaelparis/Scaphold/code/stateslang-js/src/states/ChoiceState.ts
FN:27,(anonymous_0)
FN:28,ChoiceRuleCondition
FN:31,(anonymous_2)
FN:33,(anonymous_3)
FN:36,(anonymous_4)
FN:46,(anonymous_5)
FN:55,(anonymous_6)
FN:57,ChoiceRule
FN:67,(anonymous_8)
FN:69,ChoiceState
FN:82,(anonymous_10)
FN:84,(anonymous_11)
FNF:12
FNH:10
FNDA:1,(anonymous_0)
FNDA:2,ChoiceRuleCondition
FNDA:6,(anonymous_2)
FNDA:0,(anonymous_3)
FNDA:0,(anonymous_4)
FNDA:96,(anonymous_5)
FNDA:1,(anonymous_6)
FNDA:2,ChoiceRule
FNDA:1,(anonymous_8)
FNDA:4,ChoiceState
FNDA:4,(anonymous_10)
FNDA:6,(anonymous_11)
DA:1,1
DA:2,1
DA:3,1
DA:4,1
DA:5,1
DA:6,1
DA:7,1
DA:8,1
DA:9,1
DA:27,1
DA:29,2
DA:31,1
DA:32,6
DA:33,0
DA:35,6
DA:36,0
DA:38,6
DA:39,0
DA:41,6
DA:42,0
DA:44,6
DA:45,6
DA:46,6
DA:47,96
DA:48,6
DA:50,90
DA:53,1
DA:55,1
DA:56,1
DA:58,2
DA:59,2
DA:60,2
DA:61,2
DA:62,2
DA:64,1
DA:66,1
DA:67,1
DA:68,1
DA:70,4
DA:71,4
DA:72,4
DA:73,4
DA:74,4
DA:75,4
DA:76,4
DA:77,4
DA:82,1
DA:83,4
DA:84,6
DA:85,4
DA:86,4
DA:87,1
DA:88,1
DA:90,3
DA:91,3
DA:93,1
DA:95,1
LF:57
LH:53
BRDA:32,0,0,0
BRDA:32,0,1,6
BRDA:33,1,0,0
BRDA:33,1,1,0
BRDA:35,2,0,0
BRDA:35,2,1,6
BRDA:36,3,0,0
BRDA:36,3,1,0
BRDA:38,4,0,0
BRDA:38,4,1,6
BRDA:41,5,0,0
BRDA:41,5,1,6
BRDA:47,6,0,6
BRDA:47,6,1,90
BRDA:48,7,0,6
BRDA:48,7,1,6
BRDA:60,8,0,2
BRDA:60,8,1,2
BRDA:70,9,0,4
BRDA:70,9,1,4
BRDA:86,10,0,1
BRDA:86,10,1,3
BRF:22
BRH:14
end_of_record
TN:
SF:/Users/michaelparis/Scaphold/code/stateslang-js/src/states/PassState.ts
FN:7,(anonymous_0)
FN:9,PassState
FN:25,(anonymous_2)
FNF:3
FNH:3
FNDA:1,(anonymous_0)
FNDA:1,PassState
FNDA:1,(anonymous_2)
DA:1,1
DA:2,1
DA:3,1
DA:4,1
DA:5,1
DA:6,1
DA:7,1
DA:8,1
DA:10,1
DA:11,1
DA:12,0
DA:14,1
DA:15,1
DA:16,1
DA:17,1
DA:18,1
DA:19,1
DA:20,1
DA:21,1
DA:22,1
DA:23,1
DA:25,1
DA:26,1
DA:27,1
DA:28,1
DA:29,1
DA:30,1
DA:32,0
DA:33,0
DA:35,1
DA:37,1
LF:31
LH:28
BRDA:11,0,0,0
BRDA:11,0,1,1
BRDA:11,1,0,1
BRDA:11,1,1,0
BRDA:14,2,0,1
BRDA:14,2,1,1
BRDA:29,3,0,1
BRDA:29,3,1,0
BRF:8
BRH:5
end_of_record
TN:
SF:/Users/michaelparis/Scaphold/code/stateslang-js/src/states/StateError.ts
FN:4,(anonymous_0)
FN:6,StateError
FNF:2
FNH:1
FNDA:4,(anonymous_0)
FNDA:0,StateError
DA:1,4
DA:2,4
DA:3,4
DA:4,4
DA:5,4
DA:7,0
DA:8,0
DA:9,0
DA:10,0
DA:12,4
DA:14,4
LF:11
LH:7
BRDA:7,0,0,0
BRDA:7,0,1,0
BRF:2
BRH:0
end_of_record
TN:
SF:/Users/michaelparis/Scaphold/code/stateslang-js/src/states/TaskState.ts
FN:8,(anonymous_0)
FN:10,TaskState
FN:28,(anonymous_2)
FN:29,(anonymous_3)
FN:31,(anonymous_4)
FNF:5
FNH:5
FNDA:2,(anonymous_0)
FNDA:5,TaskState
FNDA:6,(anonymous_2)
FNDA:6,(anonymous_3)
FNDA:12,(anonymous_4)
DA:1,2
DA:2,2
DA:3,2
DA:4,2
DA:5,2
DA:6,2
DA:7,2
DA:8,2
DA:9,2
DA:11,5
DA:12,5
DA:13,0
DA:15,5
DA:16,5
DA:17,5
DA:18,5
DA:19,5
DA:20,5
DA:21,5
DA:22,5
DA:23,5
DA:24,5
DA:25,5
DA:26,5
DA:28,2
DA:29,6
DA:31,6
DA:32,12
DA:34,6
DA:35,0
DA:37,6
DA:38,6
DA:40,6
DA:41,6
DA:42,6
DA:43,6
DA:44,6
DA:46,0
DA:47,0
DA:52,2
DA:54,2
LF:41
LH:37
BRDA:12,0,0,0
BRDA:12,0,1,5
BRDA:12,1,0,5
BRDA:12,1,1,0
BRDA:15,2,0,5
BRDA:15,2,1,5
BRDA:32,3,0,6
BRDA:32,3,1,6
BRDA:34,4,0,0
BRDA:34,4,1,6
BRDA:34,5,0,6
BRDA:34,5,1,0
BRDA:43,6,0,6
BRDA:43,6,1,0
BRF:14
BRH:9
end_of_record
TN:
SF:/Users/michaelparis/Scaphold/code/stateslang-js/src/states/WaitState.ts
FN:8,(anonymous_0)
FN:10,WaitState
FN:27,(anonymous_2)
FN:45,(anonymous_3)
FN:46,(anonymous_4)
FN:48,(anonymous_5)
FN:52,(anonymous_6)
FN:53,(anonymous_7)
FNF:8
FNH:8
FNDA:1,(anonymous_0)
FNDA:3,WaitState
FNDA:3,(anonymous_2)
FNDA:3,(anonymous_3)
FNDA:3,(anonymous_4)
FNDA:3,(anonymous_5)
FNDA:3,(anonymous_6)
FNDA:3,(anonymous_7)
DA:1,1
DA:2,1
DA:3,1
DA:4,1
DA:5,1
DA:6,1
DA:7,1
DA:8,1
DA:9,1
DA:11,3
DA:12,3
DA:13,0
DA:15,3
DA:16,3
DA:17,3
DA:18,3
DA:19,3
DA:20,3
DA:21,3
DA:22,3
DA:23,3
DA:24,3
DA:25,3
DA:27,1
DA:28,3
DA:29,1
DA:31,2
DA:32,1
DA:33,1
DA:35,1
DA:36,1
DA:38,0
DA:39,0
DA:40,0
DA:41,0
DA:43,0
DA:45,1
DA:46,3
DA:48,3
DA:49,3
DA:50,3
DA:51,3
DA:52,3
DA:53,3
DA:54,3
DA:55,3
DA:56,3
DA:58,0
DA:59,0
DA:62,0
DA:69,1
DA:71,1
LF:52
LH:43
BRDA:12,0,0,0
BRDA:12,0,1,3
BRDA:12,1,0,3
BRDA:12,1,1,0
BRDA:15,2,0,3
BRDA:15,2,1,3
BRDA:28,3,0,1
BRDA:28,3,1,2
BRDA:31,4,0,1
BRDA:31,4,1,1
BRDA:35,5,0,1
BRDA:35,5,1,0
BRDA:38,6,0,0
BRDA:38,6,1,0
BRDA:55,7,0,3
BRDA:55,7,1,0
BRF:16
BRH:10
end_of_record
TN:
SF:/Users/michaelparis/Scaphold/code/stateslang-js/src/utils/applyInputPath.ts
FN:4,applyInputPath
FNF:1
FNH:1
FNDA:17,applyInputPath
DA:1,5
DA:2,5
DA:3,5
DA:5,17
DA:7,17
DA:8,1
DA:10,16
DA:11,11
DA:13,16
DA:16,16
DA:17,16
DA:19,5
LF:12
LH:12
BRDA:7,0,0,1
BRDA:7,0,1,16
BRDA:10,1,0,11
BRDA:10,1,1,5
BRF:4
BRH:4
end_of_record
TN:
SF:/Users/michaelparis/Scaphold/code/stateslang-js/src/utils/applyOutputPath.ts
FN:7,applyOutputPath
FNF:1
FNH:1
FNDA:14,applyOutputPath
DA:1,5
DA:2,5
DA:3,5
DA:8,14
DA:10,14
DA:11,1
DA:13,13
DA:14,12
DA:16,13
DA:19,13
DA:20,13
DA:22,5
LF:12
LH:12
BRDA:10,0,0,1
BRDA:10,0,1,13
BRDA:13,1,0,12
BRDA:13,1,1,1
BRF:4
BRH:4
end_of_record
TN:
SF:/Users/michaelparis/Scaphold/code/stateslang-js/src/utils/applyResultPath.ts
FN:7,applyResultPath
FNF:1
FNH:1
FNDA:11,applyResultPath
DA:1,5
DA:2,5
DA:3,5
DA:8,11
DA:10,11
DA:11,1
DA:13,10
DA:14,7
DA:16,10
DA:19,10
DA:20,10
DA:21,10
DA:23,5
LF:13
LH:13
BRDA:10,0,0,1
BRDA:10,0,1,10
BRDA:13,1,0,7
BRDA:13,1,1,3
BRF:4
BRH:4
end_of_record
TN:
SF:/Users/michaelparis/Scaphold/code/stateslang-js/src/utils/getVariable.ts
FN:4,getVariable
FNF:1
FNH:1
FNDA:6,getVariable
DA:1,4
DA:2,4
DA:3,4
DA:5,6
DA:6,6
DA:9,6
DA:11,4
LF:7
LH:7
BRDA:5,0,0,0
BRDA:5,0,1,6
BRF:2
BRH:1
end_of_record
TN:
SF:/Users/michaelparis/Scaphold/code/stateslang-js/src/utils/index.ts
FNF:0
FNH:0
DA:1,4
DA:2,4
DA:3,4
DA:4,4
DA:5,4
DA:6,4
DA:7,4
DA:8,4
DA:9,4
DA:10,4
DA:11,4
DA:12,4
DA:13,4
DA:14,4
DA:15,4
DA:16,4
LF:16
LH:16
BRF:0
BRH:0
end_of_record
TN:
SF:/Users/michaelparis/Scaphold/code/stateslang-js/src/utils/noop.ts
FN:3,noop
FNF:1
FNH:1
FNDA:1,noop
DA:1,4
DA:2,4
DA:4,1
DA:5,1
DA:6,1
DA:8,1
DA:10,4
LF:7
LH:7
BRF:0
BRH:0
end_of_record
TN:
SF:/Users/michaelparis/Scaphold/code/stateslang-js/src/utils/resolveThunk.ts
FN:3,resolveThunk
FNF:1
FNH:1
FNDA:4,resolveThunk
DA:1,4
DA:2,4
DA:4,4
DA:5,1
DA:7,3
DA:9,4
LF:6
LH:6
BRDA:4,0,0,1
BRDA:4,0,1,3
BRF:2
BRH:2
end_of_record
TN:
SF:/Users/michaelparis/Scaphold/code/stateslang-js/src/utils/runRuleCondition.ts
FN:3,expectString
FN:7,expectNumber
FN:11,expectBoolean
FN:15,runRuleCondition
FNF:4
FNH:4
FNDA:19,expectString
FNDA:13,expectNumber
FNDA:2,expectBoolean
FNDA:46,runRuleCondition
DA:1,5
DA:2,5
DA:4,19
DA:5,0
DA:8,13
DA:9,0
DA:12,2
DA:13,0
DA:16,46
DA:18,9
DA:19,9
DA:21,2
DA:22,2
DA:24,2
DA:25,2
DA:27,3
DA:28,3
DA:30,3
DA:31,3
DA:33,3
DA:34,3
DA:36,2
DA:37,2
DA:39,2
DA:40,2
DA:42,3
DA:43,3
DA:45,3
DA:46,3
DA:48,2
DA:49,2
DA:51,2
DA:53,2
DA:55,2
DA:57,3
DA:59,3
DA:61,0
DA:64,5
LF:38
LH:34
BRDA:4,0,0,0
BRDA:4,0,1,19
BRDA:8,1,0,0
BRDA:8,1,1,13
BRDA:12,2,0,0
BRDA:12,2,1,2
BRDA:16,3,0,9
BRDA:16,3,1,2
BRDA:16,3,2,2
BRDA:16,3,3,3
BRDA:16,3,4,3
BRDA:16,3,5,3
BRDA:16,3,6,2
BRDA:16,3,7,2
BRDA:16,3,8,3
BRDA:16,3,9,3
BRDA:16,3,10,2
BRDA:16,3,11,2
BRDA:16,3,12,2
BRDA:16,3,13,2
BRDA:16,3,14,3
BRDA:16,3,15,3
BRDA:16,3,16,0
BRF:23
BRH:19
end_of_record
